# JRE version: Java(TM) SE Runtime Environment (25.0.1+8) (build 25.0.1+8-LTS-27)
# Java VM: Java HotSpot(TM) 64-Bit Server VM (25.0.1+8-LTS-27, mixed mode, sharing, tiered, compressed oops, compressed class ptrs, g1 gc, windows-amd64)
GC Precious Log:
 CardTable entry size: 512
 Card Set container configuration: InlinePtr #cards 5 size 8 Array Of Cards #cards 10 size 36 Howl #buckets 4 coarsen threshold 1843 Howl Bitmap #cards 512 size 80 coarsen threshold 460 Card regions per heap region 1 cards per card region 2048
 CPUs: 20 total, 20 available
 Memory: 16123M
 Large Page Support: Disabled
 NUMA Support: Disabled
 Compressed Oops: Enabled (32-bit)
 Heap Region Size: 1M
 Heap Min Capacity: 8M
 Heap Initial Capacity: 252M
 Heap Max Capacity: 1G
 Pre-touch: Disabled
 Parallel Workers: 15
 Concurrent Workers: 4
 Concurrent Refinement Workers: 15
 Periodic GC: Disabled
Heap:
 garbage-first heap   total reserved 1048576K, committed 363520K, used 287744K [0x00000000c0000000, 0x0000000100000000)
  region size 1024K, 60 young (61440K), 12 survivors (12288K)
GC Heap Usage History (20 events):
Event: 18.874 {heap Before GC invocations=7 (full 0):
 garbage-first heap   total reserved 1048576K, committed 260096K, used 223144K [0x00000000c0000000, 0x0000000100000000)
  region size 1024K, 63 young (64512K), 8 survivors (8192K)
}
Event: 18.915 {heap After GC invocations=8 (full 0):
 garbage-first heap   total reserved 1048576K, committed 291840K, used 175913K [0x00000000c0000000, 0x0000000100000000)
  region size 1024K, 8 young (8192K), 8 survivors (8192K)
}
Event: 20.170 {heap Before GC invocations=9 (full 0):
 garbage-first heap   total reserved 1048576K, committed 331776K, used 274217K [0x00000000c0000000, 0x0000000100000000)
  region size 1024K, 83 young (84992K), 8 survivors (8192K)
}
Event: 20.286 {heap After GC invocations=10 (full 0):
 garbage-first heap   total reserved 1048576K, committed 331776K, used 207222K [0x00000000c0000000, 0x0000000100000000)
  region size 1024K, 11 young (11264K), 11 survivors (11264K)
}
Event: 21.460 {heap Before GC invocations=10 (full 0):
 garbage-first heap   total reserved 1048576K, committed 331776K, used 291190K [0x00000000c0000000, 0x0000000100000000)
  region size 1024K, 93 young (95232K), 11 survivors (11264K)
}
Event: 21.535 {heap After GC invocations=11 (full 0):
 garbage-first heap   total reserved 1048576K, committed 331776K, used 218218K [0x00000000c0000000, 0x0000000100000000)
  region size 1024K, 12 young (12288K), 12 survivors (12288K)
}
Event: 22.744 {heap Before GC invocations=11 (full 0):
 garbage-first heap   total reserved 1048576K, committed 331776K, used 297066K [0x00000000c0000000, 0x0000000100000000)
  region size 1024K, 89 young (91136K), 12 survivors (12288K)
}
Event: 22.792 {heap After GC invocations=12 (full 0):
 garbage-first heap   total reserved 1048576K, committed 331776K, used 228943K [0x00000000c0000000, 0x0000000100000000)
  region size 1024K, 11 young (11264K), 11 survivors (11264K)
}
Event: 26.765 {heap Before GC invocations=13 (full 0):
 garbage-first heap   total reserved 1048576K, committed 363520K, used 289359K [0x00000000c0000000, 0x0000000100000000)
  region size 1024K, 82 young (83968K), 11 survivors (11264K)
}
Event: 26.817 {heap After GC invocations=14 (full 0):
 garbage-first heap   total reserved 1048576K, committed 363520K, used 230912K [0x00000000c0000000, 0x0000000100000000)
  region size 1024K, 11 young (11264K), 11 survivors (11264K)
}
Event: 29.426 {heap Before GC invocations=14 (full 0):
 garbage-first heap   total reserved 1048576K, committed 363520K, used 324096K [0x00000000c0000000, 0x0000000100000000)
  region size 1024K, 102 young (104448K), 11 survivors (11264K)
}
Event: 29.461 {heap After GC invocations=15 (full 0):
 garbage-first heap   total reserved 1048576K, committed 363520K, used 233796K [0x00000000c0000000, 0x0000000100000000)
  region size 1024K, 4 young (4096K), 4 survivors (4096K)
}
Event: 29.469 {heap Before GC invocations=15 (full 0):
 garbage-first heap   total reserved 1048576K, committed 363520K, used 233796K [0x00000000c0000000, 0x0000000100000000)
  region size 1024K, 5 young (5120K), 4 survivors (4096K)
}
Event: 29.476 {heap After GC invocations=16 (full 0):
 garbage-first heap   total reserved 1048576K, committed 363520K, used 233836K [0x00000000c0000000, 0x0000000100000000)
  region size 1024K, 4 young (4096K), 4 survivors (4096K)
}
Event: 36.622 {heap Before GC invocations=17 (full 0):
 garbage-first heap   total reserved 1048576K, committed 363520K, used 226668K [0x00000000c0000000, 0x0000000100000000)
  region size 1024K, 76 young (77824K), 4 survivors (4096K)
}
Event: 36.728 {heap After GC invocations=18 (full 0):
 garbage-first heap   total reserved 1048576K, committed 363520K, used 195072K [0x00000000c0000000, 0x0000000100000000)
  region size 1024K, 10 young (10240K), 10 survivors (10240K)
}
Event: 40.141 {heap Before GC invocations=18 (full 0):
 garbage-first heap   total reserved 1048576K, committed 363520K, used 276992K [0x00000000c0000000, 0x0000000100000000)
  region size 1024K, 90 young (92160K), 10 survivors (10240K)
}
Event: 40.213 {heap After GC invocations=19 (full 0):
 garbage-first heap   total reserved 1048576K, committed 363520K, used 207172K [0x00000000c0000000, 0x0000000100000000)
  region size 1024K, 12 young (12288K), 12 survivors (12288K)
}
Event: 46.866 {heap Before GC invocations=19 (full 0):
 garbage-first heap   total reserved 1048576K, committed 363520K, used 292164K [0x00000000c0000000, 0x0000000100000000)
  region size 1024K, 92 young (94208K), 12 survivors (12288K)
}
Event: 47.029 {heap After GC invocations=20 (full 0):
 garbage-first heap   total reserved 1048576K, committed 363520K, used 239616K [0x00000000c0000000, 0x0000000100000000)
  region size 1024K, 12 young (12288K), 12 survivors (12288K)
}

