# JRE version: Java(TM) SE Runtime Environment (25.0.1+8) (build 25.0.1+8-LTS-27)
# Java VM: Java HotSpot(TM) 64-Bit Server VM (25.0.1+8-LTS-27, mixed mode, sharing, tiered, compressed oops, compressed class ptrs, g1 gc, windows-amd64)
GC Precious Log:
 CardTable entry size: 512
 Card Set container configuration: InlinePtr #cards 5 size 8 Array Of Cards #cards 10 size 36 Howl #buckets 4 coarsen threshold 1843 Howl Bitmap #cards 512 size 80 coarsen threshold 460 Card regions per heap region 1 cards per card region 2048
 CPUs: 20 total, 20 available
 Memory: 16123M
 Large Page Support: Disabled
 NUMA Support: Disabled
 Compressed Oops: Enabled (32-bit)
 Heap Region Size: 1M
 Heap Min Capacity: 8M
 Heap Initial Capacity: 252M
 Heap Max Capacity: 1G
 Pre-touch: Disabled
 Parallel Workers: 15
 Concurrent Workers: 4
 Concurrent Refinement Workers: 15
 Periodic GC: Disabled
Heap:
 garbage-first heap   total reserved 1048576K, committed 452608K, used 310784K [0x00000000c0000000, 0x0000000100000000)
  region size 1024K, 48 young (49152K), 9 survivors (9216K)
GC Heap Usage History (20 events):
Event: 19.230 {heap Before GC invocations=9 (full 0):
 garbage-first heap   total reserved 1048576K, committed 334848K, used 254856K [0x00000000c0000000, 0x0000000100000000)
  region size 1024K, 61 young (62464K), 8 survivors (8192K)
}
Event: 19.273 {heap After GC invocations=10 (full 0):
 garbage-first heap   total reserved 1048576K, committed 334848K, used 206709K [0x00000000c0000000, 0x0000000100000000)
  region size 1024K, 8 young (8192K), 8 survivors (8192K)
}
Event: 20.457 {heap Before GC invocations=10 (full 0):
 garbage-first heap   total reserved 1048576K, committed 334848K, used 294773K [0x00000000c0000000, 0x0000000100000000)
  region size 1024K, 94 young (96256K), 8 survivors (8192K)
}
Event: 20.508 {heap After GC invocations=11 (full 0):
 garbage-first heap   total reserved 1048576K, committed 364544K, used 217034K [0x00000000c0000000, 0x0000000100000000)
  region size 1024K, 12 young (12288K), 12 survivors (12288K)
}
Event: 21.970 {heap Before GC invocations=11 (full 0):
 garbage-first heap   total reserved 1048576K, committed 364544K, used 319434K [0x00000000c0000000, 0x0000000100000000)
  region size 1024K, 112 young (114688K), 12 survivors (12288K)
}
Event: 22.021 {heap After GC invocations=12 (full 0):
 garbage-first heap   total reserved 1048576K, committed 364544K, used 230919K [0x00000000c0000000, 0x0000000100000000)
  region size 1024K, 14 young (14336K), 14 survivors (14336K)
}
Event: 27.042 {heap Before GC invocations=13 (full 0):
 garbage-first heap   total reserved 1048576K, committed 365568K, used 313863K [0x00000000c0000000, 0x0000000100000000)
  region size 1024K, 107 young (109568K), 14 survivors (14336K)
}
Event: 27.106 {heap After GC invocations=14 (full 0):
 garbage-first heap   total reserved 1048576K, committed 365568K, used 233223K [0x00000000c0000000, 0x0000000100000000)
  region size 1024K, 14 young (14336K), 14 survivors (14336K)
}
Event: 29.326 {heap Before GC invocations=14 (full 0):
 garbage-first heap   total reserved 1048576K, committed 365568K, used 328455K [0x00000000c0000000, 0x0000000100000000)
  region size 1024K, 106 young (108544K), 14 survivors (14336K)
}
Event: 29.409 {heap After GC invocations=15 (full 0):
 garbage-first heap   total reserved 1048576K, committed 372736K, used 261120K [0x00000000c0000000, 0x0000000100000000)
  region size 1024K, 14 young (14336K), 14 survivors (14336K)
}
Event: 31.170 {heap Before GC invocations=15 (full 0):
 garbage-first heap   total reserved 1048576K, committed 372736K, used 292864K [0x00000000c0000000, 0x0000000100000000)
  region size 1024K, 46 young (47104K), 14 survivors (14336K)
}
Event: 31.259 {heap After GC invocations=16 (full 0):
 garbage-first heap   total reserved 1048576K, committed 372736K, used 275968K [0x00000000c0000000, 0x0000000100000000)
  region size 1024K, 10 young (10240K), 10 survivors (10240K)
}
Event: 35.658 {heap Before GC invocations=17 (full 0):
 garbage-first heap   total reserved 1048576K, committed 372736K, used 238080K [0x00000000c0000000, 0x0000000100000000)
  region size 1024K, 53 young (54272K), 10 survivors (10240K)
}
Event: 35.714 {heap After GC invocations=18 (full 0):
 garbage-first heap   total reserved 1048576K, committed 372736K, used 202752K [0x00000000c0000000, 0x0000000100000000)
  region size 1024K, 7 young (7168K), 7 survivors (7168K)
}
Event: 38.811 {heap Before GC invocations=18 (full 0):
 garbage-first heap   total reserved 1048576K, committed 372736K, used 280576K [0x00000000c0000000, 0x0000000100000000)
  region size 1024K, 83 young (84992K), 7 survivors (7168K)
}
Event: 38.888 {heap After GC invocations=19 (full 0):
 garbage-first heap   total reserved 1048576K, committed 372736K, used 219136K [0x00000000c0000000, 0x0000000100000000)
  region size 1024K, 11 young (11264K), 11 survivors (11264K)
}
Event: 41.614 {heap Before GC invocations=19 (full 0):
 garbage-first heap   total reserved 1048576K, committed 372736K, used 302080K [0x00000000c0000000, 0x0000000100000000)
  region size 1024K, 89 young (91136K), 11 survivors (11264K)
}
Event: 41.720 {heap After GC invocations=20 (full 0):
 garbage-first heap   total reserved 1048576K, committed 372736K, used 253440K [0x00000000c0000000, 0x0000000100000000)
  region size 1024K, 12 young (12288K), 12 survivors (12288K)
}
Event: 44.223 {heap Before GC invocations=20 (full 0):
 garbage-first heap   total reserved 1048576K, committed 372736K, used 291328K [0x00000000c0000000, 0x0000000100000000)
  region size 1024K, 51 young (52224K), 12 survivors (12288K)
}
Event: 44.367 {heap After GC invocations=21 (full 0):
 garbage-first heap   total reserved 1048576K, committed 372736K, used 274944K [0x00000000c0000000, 0x0000000100000000)
  region size 1024K, 9 young (9216K), 9 survivors (9216K)
}

